# JRE version: OpenJDK Runtime Environment (18.0.2+9) (build 18.0.2+9-61)
# Java VM: OpenJDK 64-Bit Server VM (18.0.2+9-61, mixed mode, emulated-client, sharing, tiered, compressed oops, compressed class ptrs, g1 gc, windows-amd64)
GC Precious Log:
 CardTable entry size: 512
 Card Set container configuration: InlinePtr #cards 5 size 8 Array Of Cards #cards 12 size 40 Howl #buckets 4 coarsen threshold 1843 Howl Bitmap #cards 512 size 80 coarsen threshold 460 Card regions per heap region 1 cards per card region 2048
 CPUs: 8 total, 8 available
 Memory: 7998M
 Large Page Support: Disabled
 NUMA Support: Disabled
 Compressed Oops: Enabled (32-bit)
 Heap Region Size: 1M
 Heap Min Capacity: 8M
 Heap Initial Capacity: 126M
 Heap Max Capacity: 2000M
 Pre-touch: Disabled
 Parallel Workers: 8
 Concurrent Workers: 2
 Concurrent Refinement Workers: 8
 Periodic GC: Disabled
Heap:
 garbage-first heap   total 125952K, used 89293K [0x0000000083000000, 0x0000000100000000)
  region size 1024K, 38 young (38912K), 2 survivors (2048K)
 Metaspace       used 92241K, committed 93120K, reserved 1179648K
  class space    used 11783K, committed 12160K, reserved 1048576K
GC Heap History (20 events):
Event: 1962.139 GC heap after
{Heap after GC invocations=91 (full 5):
 garbage-first heap   total 125952K, used 48959K [0x0000000083000000, 0x0000000100000000)
  region size 1024K, 4 young (4096K), 4 survivors (4096K)
 Metaspace       used 82384K, committed 83072K, reserved 1179648K
  class space    used 10623K, committed 10944K, reserved 1048576K
}
Event: 1994.971 GC heap before
{Heap before GC invocations=91 (full 5):
 garbage-first heap   total 125952K, used 99135K [0x0000000083000000, 0x0000000100000000)
  region size 1024K, 54 young (55296K), 4 survivors (4096K)
 Metaspace       used 82504K, committed 83200K, reserved 1179648K
  class space    used 10633K, committed 10944K, reserved 1048576K
}
Event: 1995.078 GC heap after
{Heap after GC invocations=92 (full 6):
 garbage-first heap   total 125952K, used 39446K [0x0000000083000000, 0x0000000100000000)
  region size 1024K, 0 young (0K), 0 survivors (0K)
 Metaspace       used 82436K, committed 83200K, reserved 1179648K
  class space    used 10622K, committed 10944K, reserved 1048576K
}
Event: 1999.827 GC heap before
{Heap before GC invocations=92 (full 6):
 garbage-first heap   total 125952K, used 97814K [0x0000000083000000, 0x0000000100000000)
  region size 1024K, 58 young (59392K), 0 survivors (0K)
 Metaspace       used 82980K, committed 83648K, reserved 1179648K
  class space    used 10686K, committed 11008K, reserved 1048576K
}
Event: 1999.834 GC heap after
{Heap after GC invocations=93 (full 6):
 garbage-first heap   total 125952K, used 44566K [0x0000000083000000, 0x0000000100000000)
  region size 1024K, 5 young (5120K), 5 survivors (5120K)
 Metaspace       used 82980K, committed 83648K, reserved 1179648K
  class space    used 10686K, committed 11008K, reserved 1048576K
}
Event: 2001.574 GC heap before
{Heap before GC invocations=94 (full 6):
 garbage-first heap   total 125952K, used 101910K [0x0000000083000000, 0x0000000100000000)
  region size 1024K, 60 young (61440K), 5 survivors (5120K)
 Metaspace       used 83366K, committed 84032K, reserved 1179648K
  class space    used 10717K, committed 11008K, reserved 1048576K
}
Event: 2001.585 GC heap after
{Heap after GC invocations=95 (full 6):
 garbage-first heap   total 125952K, used 46211K [0x0000000083000000, 0x0000000100000000)
  region size 1024K, 3 young (3072K), 3 survivors (3072K)
 Metaspace       used 83366K, committed 84032K, reserved 1179648K
  class space    used 10717K, committed 11008K, reserved 1048576K
}
Event: 2002.390 GC heap before
{Heap before GC invocations=95 (full 6):
 garbage-first heap   total 125952K, used 101507K [0x0000000083000000, 0x0000000100000000)
  region size 1024K, 57 young (58368K), 3 survivors (3072K)
 Metaspace       used 83717K, committed 84416K, reserved 1179648K
  class space    used 10742K, committed 11072K, reserved 1048576K
}
Event: 2002.396 GC heap after
{Heap after GC invocations=96 (full 6):
 garbage-first heap   total 125952K, used 47385K [0x0000000083000000, 0x0000000100000000)
  region size 1024K, 4 young (4096K), 4 survivors (4096K)
 Metaspace       used 83717K, committed 84416K, reserved 1179648K
  class space    used 10742K, committed 11072K, reserved 1048576K
}
Event: 2003.990 GC heap before
{Heap before GC invocations=97 (full 6):
 garbage-first heap   total 125952K, used 102681K [0x0000000083000000, 0x0000000100000000)
  region size 1024K, 58 young (59392K), 4 survivors (4096K)
 Metaspace       used 84239K, committed 84864K, reserved 1179648K
  class space    used 10777K, committed 11072K, reserved 1048576K
}
Event: 2003.998 GC heap after
{Heap after GC invocations=98 (full 6):
 garbage-first heap   total 125952K, used 49212K [0x0000000083000000, 0x0000000100000000)
  region size 1024K, 6 young (6144K), 6 survivors (6144K)
 Metaspace       used 84239K, committed 84864K, reserved 1179648K
  class space    used 10777K, committed 11072K, reserved 1048576K
}
Event: 2055.445 GC heap before
{Heap before GC invocations=98 (full 6):
 garbage-first heap   total 125952K, used 103484K [0x0000000083000000, 0x0000000100000000)
  region size 1024K, 59 young (60416K), 6 survivors (6144K)
 Metaspace       used 84791K, committed 85376K, reserved 1179648K
  class space    used 10855K, committed 11136K, reserved 1048576K
}
Event: 2055.493 GC heap after
{Heap after GC invocations=99 (full 6):
 garbage-first heap   total 125952K, used 50568K [0x0000000083000000, 0x0000000100000000)
  region size 1024K, 5 young (5120K), 5 survivors (5120K)
 Metaspace       used 84791K, committed 85376K, reserved 1179648K
  class space    used 10855K, committed 11136K, reserved 1048576K
}
Event: 2057.959 GC heap before
{Heap before GC invocations=100 (full 6):
 garbage-first heap   total 125952K, used 101768K [0x0000000083000000, 0x0000000100000000)
  region size 1024K, 56 young (57344K), 5 survivors (5120K)
 Metaspace       used 89878K, committed 90624K, reserved 1179648K
  class space    used 11469K, committed 11840K, reserved 1048576K
}
Event: 2057.971 GC heap after
{Heap after GC invocations=101 (full 6):
 garbage-first heap   total 125952K, used 52678K [0x0000000083000000, 0x0000000100000000)
  region size 1024K, 6 young (6144K), 6 survivors (6144K)
 Metaspace       used 89878K, committed 90624K, reserved 1179648K
  class space    used 11469K, committed 11840K, reserved 1048576K
}
Event: 2057.973 GC heap before
{Heap before GC invocations=101 (full 6):
 garbage-first heap   total 125952K, used 53702K [0x0000000083000000, 0x0000000100000000)
  region size 1024K, 7 young (7168K), 6 survivors (6144K)
 Metaspace       used 89878K, committed 90624K, reserved 1179648K
  class space    used 11469K, committed 11840K, reserved 1048576K
}
Event: 2057.998 GC heap after
{Heap after GC invocations=102 (full 6):
 garbage-first heap   total 125952K, used 51974K [0x0000000083000000, 0x0000000100000000)
  region size 1024K, 1 young (1024K), 1 survivors (1024K)
 Metaspace       used 89878K, committed 90624K, reserved 1179648K
  class space    used 11469K, committed 11840K, reserved 1048576K
}
Event: 2232.809 GC heap before
{Heap before GC invocations=102 (full 6):
 garbage-first heap   total 125952K, used 103174K [0x0000000083000000, 0x0000000100000000)
  region size 1024K, 52 young (53248K), 1 survivors (1024K)
 Metaspace       used 92355K, committed 93120K, reserved 1179648K
  class space    used 11808K, committed 12160K, reserved 1048576K
}
Event: 2232.814 GC heap after
{Heap after GC invocations=103 (full 6):
 garbage-first heap   total 125952K, used 52892K [0x0000000083000000, 0x0000000100000000)
  region size 1024K, 2 young (2048K), 2 survivors (2048K)
 Metaspace       used 92355K, committed 93120K, reserved 1179648K
  class space    used 11808K, committed 12160K, reserved 1048576K
}
Event: 2424.004 GC heap before
{Heap before GC invocations=104 (full 6):
 garbage-first heap   total 125952K, used 88732K [0x0000000083000000, 0x0000000100000000)
  region size 1024K, 38 young (38912K), 2 survivors (2048K)
 Metaspace       used 92241K, committed 93120K, reserved 1179648K
  class space    used 11783K, committed 12160K, reserved 1048576K
}

